#-----------------------------------------------------------
# Vivado v2018.2 (64-bit)
# SW Build 2258646 on Thu Jun 14 20:03:12 MDT 2018
# IP Build 2256618 on Thu Jun 14 22:10:49 MDT 2018
# Start of session at: Sun Apr 28 08:46:52 2019
# Process ID: 8660
# Current directory: H:/Documents/Votechain/VotechainIP
# Command line: vivado.exe -gui_launcher_event rodinguilauncherevent33576 H:\Documents\Votechain\VotechainIP\Votechain.xpr
# Log file: H:/Documents/Votechain/VotechainIP/vivado.log
# Journal file: H:/Documents/Votechain/VotechainIP\vivado.jou
#-----------------------------------------------------------
start_gui
open_project H:/Documents/Votechain/VotechainIP/Votechain.xpr
Scanning sources...
Finished scanning sources
WARNING: [filemgmt 56-3] IP Repository Path: Could not find the directory 'H:/ESE498_Capstone/ip_repo'.
WARNING: [filemgmt 56-3] IP Repository Path: Could not find the directory 'H:/Documents/Votechain/votechain_ip'.
INFO: [IP_Flow 19-234] Refreshing IP repositories
INFO: [IP_Flow 19-1700] Loaded user IP repository 'h:/ESE498_Capstone/votechain_ip'.
WARNING: [IP_Flow 19-2248] Failed to load user IP repository 'h:/ESE498_Capstone/ip_repo'; Can't find the specified path.
If this directory should no longer be in your list of user repositories, go to the IP Settings dialog and remove it.
WARNING: [IP_Flow 19-2248] Failed to load user IP repository 'h:/Documents/Votechain/votechain_ip'; Can't find the specified path.
If this directory should no longer be in your list of user repositories, go to the IP Settings dialog and remove it.
INFO: [IP_Flow 19-1700] Loaded user IP repository 'h:/Documents/Votechain/ip_repo'.
INFO: [IP_Flow 19-2313] Loaded Vivado IP repository 'C:/Apps/Xilinx/Vivado/2018.2/data/ip'.
open_project: Time (s): cpu = 00:00:15 ; elapsed = 00:00:09 . Memory (MB): peak = 892.086 ; gain = 165.887
exit
INFO: [Common 17-206] Exiting Vivadoreset_run synth_1
launch_runs impl_1 -jobs 4
INFO: [BD 41-1029] Generation completed for the IP Integrator block controller_0 .
INFO: [BD 41-1029] Generation completed for the IP Integrator block BRAM_0 .
INFO: [BD 41-1029] Generation completed for the IP Integrator block data_validation_0 .
INFO: [BD 41-1029] Generation completed for the IP Integrator block button_debounce_0 .
INFO: [BD 41-1029] Generation completed for the IP Integrator block data_mining_0 .
[Sun Apr 28 08:48:03 2019] Launched votechain1_button_debounce_0_0_synth_1, votechain1_data_mining_0_0_synth_1, votechain1_BRAM_0_0_synth_1, votechain1_controller_0_0_synth_1, votechain1_data_validation_0_0_synth_1, synth_1...
Run output will be captured here:
votechain1_button_debounce_0_0_synth_1: H:/Documents/Votechain/VotechainIP/Votechain.runs/votechain1_button_debounce_0_0_synth_1/runme.log
votechain1_data_mining_0_0_synth_1: H:/Documents/Votechain/VotechainIP/Votechain.runs/votechain1_data_mining_0_0_synth_1/runme.log
votechain1_BRAM_0_0_synth_1: H:/Documents/Votechain/VotechainIP/Votechain.runs/votechain1_BRAM_0_0_synth_1/runme.log
votechain1_controller_0_0_synth_1: H:/Documents/Votechain/VotechainIP/Votechain.runs/votechain1_controller_0_0_synth_1/runme.log
votechain1_data_validation_0_0_synth_1: H:/Documents/Votechain/VotechainIP/Votechain.runs/votechain1_data_validation_0_0_synth_1/runme.log
synth_1: H:/Documents/Votechain/VotechainIP/Votechain.runs/synth_1/runme.log
[Sun Apr 28 08:48:03 2019] Launched impl_1...
Run output will be captured here: H:/Documents/Votechain/VotechainIP/Votechain.runs/impl_1/runme.log
launch_runs: Time (s): cpu = 00:00:10 ; elapsed = 00:00:25 . Memory (MB): peak = 900.199 ; gain = 38.047
delete_ip_run [get_files -of_objects [get_fileset sources_1] H:/Documents/Votechain/VotechainIP/Votechain.srcs/sources_1/bd/votechain1/votechain1.bd]
delete_ip_run: Time (s): cpu = 00:00:07 ; elapsed = 00:00:09 . Memory (MB): peak = 974.160 ; gain = 0.000
set_property synth_checkpoint_mode None [get_files  H:/Documents/Votechain/VotechainIP/Votechain.srcs/sources_1/bd/votechain1/votechain1.bd]
generate_target all [get_files  H:/Documents/Votechain/VotechainIP/Votechain.srcs/sources_1/bd/votechain1/votechain1.bd]
INFO: [BD 41-1662] The design 'votechain1.bd' is already validated. Therefore parameter propagation will not be re-run.
VHDL Output written to : H:/Documents/Votechain/VotechainIP/Votechain.srcs/sources_1/bd/votechain1/synth/votechain1.v
VHDL Output written to : H:/Documents/Votechain/VotechainIP/Votechain.srcs/sources_1/bd/votechain1/sim/votechain1.v
VHDL Output written to : H:/Documents/Votechain/VotechainIP/Votechain.srcs/sources_1/bd/votechain1/hdl/votechain1_wrapper.v
INFO: [BD 41-1029] Generation completed for the IP Integrator block controller_0 .
INFO: [BD 41-1029] Generation completed for the IP Integrator block BRAM_0 .
INFO: [BD 41-1029] Generation completed for the IP Integrator block data_validation_0 .
INFO: [BD 41-1029] Generation completed for the IP Integrator block button_debounce_0 .
INFO: [BD 41-1029] Generation completed for the IP Integrator block data_mining_0 .
Exporting to file H:/Documents/Votechain/VotechainIP/Votechain.srcs/sources_1/bd/votechain1/hw_handoff/votechain1.hwh
Generated Block Design Tcl file H:/Documents/Votechain/VotechainIP/Votechain.srcs/sources_1/bd/votechain1/hw_handoff/votechain1_bd.tcl
Generated Hardware Definition File H:/Documents/Votechain/VotechainIP/Votechain.srcs/sources_1/bd/votechain1/synth/votechain1.hwdef
export_ip_user_files -of_objects [get_files H:/Documents/Votechain/VotechainIP/Votechain.srcs/sources_1/bd/votechain1/votechain1.bd] -no_script -sync -force -quiet
export_simulation -of_objects [get_files H:/Documents/Votechain/VotechainIP/Votechain.srcs/sources_1/bd/votechain1/votechain1.bd] -directory H:/Documents/Votechain/VotechainIP/Votechain.ip_user_files/sim_scripts -ip_user_files_dir H:/Documents/Votechain/VotechainIP/Votechain.ip_user_files -ipstatic_source_dir H:/Documents/Votechain/VotechainIP/Votechain.ip_user_files/ipstatic -lib_map_path [list {modelsim=H:/Documents/Votechain/VotechainIP/Votechain.cache/compile_simlib/modelsim} {questa=H:/Documents/Votechain/VotechainIP/Votechain.cache/compile_simlib/questa} {riviera=H:/Documents/Votechain/VotechainIP/Votechain.cache/compile_simlib/riviera} {activehdl=H:/Documents/Votechain/VotechainIP/Votechain.cache/compile_simlib/activehdl}] -use_ip_compiled_libs -force -quiet
open_bd_design {H:/Documents/Votechain/VotechainIP/Votechain.srcs/sources_1/bd/votechain1/votechain1.bd}
Adding cell -- xilinx.com:module_ref:BRAM:1.0 - BRAM_0
Adding cell -- xilinx.com:module_ref:controller:1.0 - controller_0
Adding cell -- xilinx.com:module_ref:data_validation:1.0 - data_validation_0
Adding cell -- xilinx.com:module_ref:button_debounce:1.0 - button_debounce_0
Adding cell -- xilinx.com:module_ref:data_mining:1.0 - data_mining_0
Successfully read diagram <votechain1> from BD file <H:/Documents/Votechain/VotechainIP/Votechain.srcs/sources_1/bd/votechain1/votechain1.bd>
open_bd_design: Time (s): cpu = 00:00:10 ; elapsed = 00:00:09 . Memory (MB): peak = 1144.387 ; gain = 87.047
launch_simulation
INFO: [Vivado 12-5682] Launching behavioral simulation in 'H:/Documents/Votechain/VotechainIP/Votechain.sim/sim_1/behav/xsim'
INFO: [Vivado 12-4795] Using compiled simulation libraries for IPs
INFO: [SIM-utils-51] Simulation object is 'sim_1'
INFO: [USF-XSim-7] Finding pre-compiled libraries...
INFO: [USF-XSim-11] File 'C:/Apps/Xilinx/Vivado/2018.2/data/xsim/xsim.ini' copied to run dir:'H:/Documents/Votechain/VotechainIP/Votechain.sim/sim_1/behav/xsim'
INFO: [SIM-utils-54] Inspecting design source files for 'votechain_tb' in fileset 'sim_1'...
INFO: [USF-XSim-97] Finding global include files...
INFO: [USF-XSim-98] Fetching design files from 'sim_1'...
INFO: [USF-XSim-2] XSim::Compile design
INFO: [USF-XSim-61] Executing 'COMPILE and ANALYZE' step in 'H:/Documents/Votechain/VotechainIP/Votechain.sim/sim_1/behav/xsim'
"xvlog --incr --relax -prj votechain_tb_vlog.prj"
INFO: [VRFC 10-2263] Analyzing Verilog file "H:/Documents/Votechain/VotechainIP/Votechain.srcs/sources_1/new/controller.v" into library xil_defaultlib
INFO: [VRFC 10-311] analyzing module controller
INFO: [VRFC 10-2263] Analyzing Verilog file "H:/Documents/Votechain/VotechainIP/Votechain.srcs/sources_1/new/blk_mem_gen_1.v" into library xil_defaultlib
INFO: [VRFC 10-311] analyzing module sram
INFO: [VRFC 10-2263] Analyzing Verilog file "H:/Documents/Votechain/VotechainIP/Votechain.srcs/sources_1/new/BRAM.v" into library xil_defaultlib
INFO: [VRFC 10-311] analyzing module BRAM
INFO: [VRFC 10-2263] Analyzing Verilog file "H:/Documents/Votechain/VotechainIP/Votechain.srcs/sources_1/new/data_validation.v" into library xil_defaultlib
INFO: [VRFC 10-311] analyzing module data_validation
INFO: [VRFC 10-2263] Analyzing Verilog file "H:/Documents/Votechain/VotechainIP/Votechain.srcs/sources_1/new/button_debounce.v" into library xil_defaultlib
INFO: [VRFC 10-311] analyzing module button_debounce
INFO: [VRFC 10-2263] Analyzing Verilog file "H:/Documents/Votechain/VotechainIP/Votechain.srcs/sources_1/new/addr_timing_ctrl.v" into library xil_defaultlib
INFO: [VRFC 10-311] analyzing module addr_timing_ctrl
INFO: [VRFC 10-2263] Analyzing Verilog file "H:/Documents/Votechain/VotechainIP/Votechain.srcs/sources_1/new/extend.v" into library xil_defaultlib
INFO: [VRFC 10-311] analyzing module extend
INFO: [VRFC 10-2263] Analyzing Verilog file "H:/Documents/Votechain/VotechainIP/Votechain.srcs/sources_1/new/k_rom.v" into library xil_defaultlib
INFO: [VRFC 10-311] analyzing module k_rom
INFO: [VRFC 10-2263] Analyzing Verilog file "H:/Documents/Votechain/VotechainIP/Votechain.srcs/sources_1/new/sha256_top.v" into library xil_defaultlib
INFO: [VRFC 10-311] analyzing module sha256_top
INFO: [VRFC 10-2263] Analyzing Verilog file "H:/Documents/Votechain/VotechainIP/Votechain.srcs/sources_1/new/update_h.v" into library xil_defaultlib
INFO: [VRFC 10-311] analyzing module update_h
INFO: [VRFC 10-2263] Analyzing Verilog file "H:/Documents/Votechain/VotechainIP/Votechain.srcs/sources_1/new/w_ram.v" into library xil_defaultlib
INFO: [VRFC 10-311] analyzing module w_ram
INFO: [VRFC 10-2263] Analyzing Verilog file "H:/Documents/Votechain/VotechainIP/Votechain.srcs/sources_1/new/data_mining.v" into library xil_defaultlib
INFO: [VRFC 10-311] analyzing module data_mining
INFO: [VRFC 10-2263] Analyzing Verilog file "H:/Documents/Votechain/VotechainIP/Votechain.ip_user_files/bd/votechain1/ip/votechain1_controller_0_0/sim/votechain1_controller_0_0.v" into library xil_defaultlib
INFO: [VRFC 10-311] analyzing module votechain1_controller_0_0
INFO: [VRFC 10-2263] Analyzing Verilog file "H:/Documents/Votechain/VotechainIP/Votechain.ip_user_files/bd/votechain1/ip/votechain1_BRAM_0_0/sim/votechain1_BRAM_0_0.v" into library xil_defaultlib
INFO: [VRFC 10-311] analyzing module votechain1_BRAM_0_0
INFO: [VRFC 10-2263] Analyzing Verilog file "H:/Documents/Votechain/VotechainIP/Votechain.ip_user_files/bd/votechain1/ip/votechain1_data_validation_0_0/sim/votechain1_data_validation_0_0.v" into library xil_defaultlib
INFO: [VRFC 10-311] analyzing module votechain1_data_validation_0_0
INFO: [VRFC 10-2263] Analyzing Verilog file "H:/Documents/Votechain/VotechainIP/Votechain.ip_user_files/bd/votechain1/ip/votechain1_button_debounce_0_0/sim/votechain1_button_debounce_0_0.v" into library xil_defaultlib
INFO: [VRFC 10-311] analyzing module votechain1_button_debounce_0_0
INFO: [VRFC 10-2263] Analyzing Verilog file "H:/Documents/Votechain/VotechainIP/Votechain.ip_user_files/bd/votechain1/ip/votechain1_data_mining_0_0/sim/votechain1_data_mining_0_0.v" into library xil_defaultlib
INFO: [VRFC 10-311] analyzing module votechain1_data_mining_0_0
INFO: [VRFC 10-2263] Analyzing Verilog file "H:/Documents/Votechain/VotechainIP/Votechain.ip_user_files/bd/votechain1/sim/votechain1.v" into library xil_defaultlib
INFO: [VRFC 10-311] analyzing module votechain1
INFO: [VRFC 10-2263] Analyzing Verilog file "H:/Documents/Votechain/VotechainIP/Votechain.srcs/sources_1/bd/votechain1/hdl/votechain1_wrapper.v" into library xil_defaultlib
INFO: [VRFC 10-311] analyzing module votechain1_wrapper
INFO: [VRFC 10-2263] Analyzing Verilog file "H:/Documents/Votechain/VotechainIP/Votechain.srcs/sim_1/new/votechain_tb.v" into library xil_defaultlib
INFO: [VRFC 10-311] analyzing module votechain_tb
INFO: [USF-XSim-69] 'compile' step finished in '3' seconds
INFO: [USF-XSim-3] XSim::Elaborate design
INFO: [USF-XSim-61] Executing 'ELABORATE' step in 'H:/Documents/Votechain/VotechainIP/Votechain.sim/sim_1/behav/xsim'
Vivado Simulator 2018.2
Copyright 1986-1999, 2001-2018 Xilinx, Inc. All Rights Reserved.
Running: C:/Apps/Xilinx/Vivado/2018.2/bin/unwrapped/win64.o/xelab.exe -wto b036348d864345dcabf90f11f60a3bfd --incr --debug typical --relax --mt 2 -L xil_defaultlib -L unisims_ver -L unimacro_ver -L secureip -L xpm --snapshot votechain_tb_behav xil_defaultlib.votechain_tb xil_defaultlib.glbl -log elaborate.log 
Using 2 slave threads.
Starting static elaboration
WARNING: [VRFC 10-278] actual bit length 16 differs from formal bit length 17 for port msg_ram_read_addr [H:/Documents/Votechain/VotechainIP/Votechain.srcs/sources_1/new/data_mining.v:98]
Completed static elaboration
Starting simulation data flow analysis
Completed simulation data flow analysis
Time Resolution for simulation is 1ps
Compiling module xil_defaultlib.sram
Compiling module xil_defaultlib.BRAM
Compiling module xil_defaultlib.votechain1_BRAM_0_0
Compiling module xil_defaultlib.button_debounce
Compiling module xil_defaultlib.votechain1_button_debounce_0_0
Compiling module xil_defaultlib.controller
Compiling module xil_defaultlib.votechain1_controller_0_0
Compiling module xil_defaultlib.addr_timing_ctrl(msgAddr_BW=16)
Compiling module xil_defaultlib.w_ram(msgAddr_BW=16)
Compiling module xil_defaultlib.extend(msgAddr_BW=16)
Compiling module xil_defaultlib.k_rom
Compiling module xil_defaultlib.update_h(msgAddr_BW=16)
Compiling module xil_defaultlib.sha256_top
Compiling module xil_defaultlib.data_mining
Compiling module xil_defaultlib.votechain1_data_mining_0_0
Compiling module xil_defaultlib.data_validation
Compiling module xil_defaultlib.votechain1_data_validation_0_0
Compiling module xil_defaultlib.votechain1
Compiling module xil_defaultlib.votechain1_wrapper
Compiling module xil_defaultlib.votechain_tb
Compiling module xil_defaultlib.glbl
Built simulation snapshot votechain_tb_behav
run_program: Time (s): cpu = 00:00:00 ; elapsed = 00:00:05 . Memory (MB): peak = 1156.559 ; gain = 0.000
INFO: [USF-XSim-69] 'elaborate' step finished in '6' seconds
INFO: [USF-XSim-4] XSim::Simulate design
INFO: [USF-XSim-61] Executing 'SIMULATE' step in 'H:/Documents/Votechain/VotechainIP/Votechain.sim/sim_1/behav/xsim'
INFO: [USF-XSim-98] *** Running xsim
   with args "votechain_tb_behav -key {Behavioral:sim_1:Functional:votechain_tb} -tclbatch {votechain_tb.tcl} -view {H:/Documents/Votechain/VotechainIP/votechain_tb_behav.wcfg} -log {simulate.log}"
INFO: [USF-XSim-8] Loading simulator feature
Vivado Simulator 2018.2
Time resolution is 1 ps
open_wave_config H:/Documents/Votechain/VotechainIP/votechain_tb_behav.wcfg
WARNING: Simulation object /votechain_tb/my_votechain/votechain1_i/data_mining_0/dm_ena was not found in the design.
WARNING: Simulation object /votechain_tb/my_votechain/votechain1_i/data_mining_0/bram_addr was not found in the design.
WARNING: Simulation object /votechain_tb/my_votechain/votechain1_i/data_mining_0/bram_data was not found in the design.
WARNING: Simulation object /votechain_tb/my_votechain/votechain1_i/data_mining_0/inst/dm_ena was not found in the design.
WARNING: Simulation object /votechain_tb/my_votechain/votechain1_i/data_mining_0/inst/bram_addr was not found in the design.
WARNING: Simulation object /votechain_tb/my_votechain/votechain1_i/data_mining_0/inst/bram_data was not found in the design.
source votechain_tb.tcl
# set curr_wave [current_wave_config]
# if { [string length $curr_wave] == 0 } {
#   if { [llength [get_objects]] > 0} {
#     add_wave /
#     set_property needs_save false [current_wave_config]
#   } else {
#      send_msg_id Add_Wave-1 WARNING "No top level signals found. Simulator will start without a wave window. If you want to open a wave window go to 'File->New Waveform Configuration' or type 'create_wave_config' in the TCL console."
#   }
# }
# run 1000ns
INFO: [USF-XSim-96] XSim completed. Design snapshot 'votechain_tb_behav' loaded.
INFO: [USF-XSim-97] XSim simulation ran for 1000ns
launch_simulation: Time (s): cpu = 00:00:05 ; elapsed = 00:00:14 . Memory (MB): peak = 1171.695 ; gain = 15.137
run all
run: Time (s): cpu = 00:14:37 ; elapsed = 00:13:20 . Memory (MB): peak = 1183.316 ; gain = 8.891
open_run synth_1 -name synth_1
Design is defaulting to impl run constrset: constrs_1
Design is defaulting to synth run part: xc7z020clg484-1
INFO: [Netlist 29-17] Analyzing 17 Unisim elements for replacement
INFO: [Netlist 29-28] Unisim Transformation completed in 0 CPU seconds
INFO: [Project 1-479] Netlist was created with Vivado 2018.2
INFO: [Device 21-403] Loading part xc7z020clg484-1
INFO: [Common 17-41] Interrupt caught. Command should exit soon.
open_run: Time (s): cpu = 00:00:09 ; elapsed = 00:00:12 . Memory (MB): peak = 1347.203 ; gain = 163.887
INFO: [Common 17-344] 'open_run' was cancelled
reset_run synth_1
WARNING: [Vivado 12-1017] Problems encountered:
1. Failed to delete one or more files in run directory H:/Documents/Votechain/VotechainIP/Votechain.runs/synth_1

launch_runs synth_1 -jobs 4
[Sun Apr 28 09:19:09 2019] Launched synth_1...
Run output will be captured here: H:/Documents/Votechain/VotechainIP/Votechain.runs/synth_1/runme.log
reset_run synth_1
WARNING: [Vivado 12-1017] Problems encountered:
1. Failed to delete one or more files in run directory H:/Documents/Votechain/VotechainIP/Votechain.runs/synth_1

update_module_reference votechain1_data_mining_0_0
INFO: [IP_Flow 19-5107] Inferred bus interface 'S_AXI_ARESETN' of definition 'xilinx.com:signal:reset:1.0' (from Xilinx Repository).
INFO: [IP_Flow 19-5107] Inferred bus interface 'S_AXI_ACLK' of definition 'xilinx.com:signal:clock:1.0' (from Xilinx Repository).
INFO: [IP_Flow 19-4728] Bus Interface 'S_AXI_ARESETN': Added interface parameter 'POLARITY' with value 'ACTIVE_LOW'.
INFO: [IP_Flow 19-4728] Bus Interface 'S_AXI_ACLK': Added interface parameter 'ASSOCIATED_RESET' with value 'S_AXI_ARESETN'.
WARNING: [IP_Flow 19-3153] Bus Interface 'S_AXI_ACLK': ASSOCIATED_BUSIF bus parameter is missing.
INFO: [IP_Flow 19-234] Refreshing IP repositories
INFO: [IP_Flow 19-1700] Loaded user IP repository 'h:/ESE498_Capstone/votechain_ip'.
WARNING: [IP_Flow 19-2248] Failed to load user IP repository 'h:/ESE498_Capstone/ip_repo'; Can't find the specified path.
If this directory should no longer be in your list of user repositories, go to the IP Settings dialog and remove it.
WARNING: [IP_Flow 19-2248] Failed to load user IP repository 'h:/Documents/Votechain/votechain_ip'; Can't find the specified path.
If this directory should no longer be in your list of user repositories, go to the IP Settings dialog and remove it.
INFO: [IP_Flow 19-1700] Loaded user IP repository 'h:/Documents/Votechain/ip_repo'.
Upgrading 'H:/Documents/Votechain/VotechainIP/Votechain.srcs/sources_1/bd/votechain1/votechain1.bd'
INFO: [IP_Flow 19-1972] Upgraded votechain1_data_mining_0_0 from data_mining_v1_0 1.0 to data_mining_v1_0 1.0
Wrote  : <H:/Documents/Votechain/VotechainIP/Votechain.srcs/sources_1/bd/votechain1/votechain1.bd> 
launch_runs synth_1 -jobs 4
WARNING: [BD 41-927] Following properties on pin /BRAM_0/S_AXI_ACLK have been updated from connected ip. They may not be synchronized with cell properties. You can set property on pin directly to confirm the value and resolve the warning.
	CLK_DOMAIN=votechain1_clk 
WARNING: [BD 41-927] Following properties on pin /controller_0/S_AXI_ACLK have been updated from connected ip. They may not be synchronized with cell properties. You can set property on pin directly to confirm the value and resolve the warning.
	CLK_DOMAIN=votechain1_clk 
WARNING: [BD 41-927] Following properties on pin /data_validation_0/S_AXI_ACLK have been updated from connected ip. They may not be synchronized with cell properties. You can set property on pin directly to confirm the value and resolve the warning.
	CLK_DOMAIN=votechain1_clk 
WARNING: [BD 41-927] Following properties on pin /button_debounce_0/clk have been updated from connected ip. They may not be synchronized with cell properties. You can set property on pin directly to confirm the value and resolve the warning.
	CLK_DOMAIN=votechain1_clk 
Wrote  : <H:/Documents/Votechain/VotechainIP/Votechain.srcs/sources_1/bd/votechain1/votechain1.bd> 
VHDL Output written to : H:/Documents/Votechain/VotechainIP/Votechain.srcs/sources_1/bd/votechain1/synth/votechain1.v
VHDL Output written to : H:/Documents/Votechain/VotechainIP/Votechain.srcs/sources_1/bd/votechain1/sim/votechain1.v
VHDL Output written to : H:/Documents/Votechain/VotechainIP/Votechain.srcs/sources_1/bd/votechain1/hdl/votechain1_wrapper.v
INFO: [BD 41-1029] Generation completed for the IP Integrator block controller_0 .
INFO: [BD 41-1029] Generation completed for the IP Integrator block BRAM_0 .
INFO: [BD 41-1029] Generation completed for the IP Integrator block data_validation_0 .
INFO: [BD 41-1029] Generation completed for the IP Integrator block button_debounce_0 .
INFO: [BD 41-1029] Generation completed for the IP Integrator block data_mining_0 .
Exporting to file H:/Documents/Votechain/VotechainIP/Votechain.srcs/sources_1/bd/votechain1/hw_handoff/votechain1.hwh
Generated Block Design Tcl file H:/Documents/Votechain/VotechainIP/Votechain.srcs/sources_1/bd/votechain1/hw_handoff/votechain1_bd.tcl
Generated Hardware Definition File H:/Documents/Votechain/VotechainIP/Votechain.srcs/sources_1/bd/votechain1/synth/votechain1.hwdef
[Sun Apr 28 09:21:37 2019] Launched synth_1...
Run output will be captured here: H:/Documents/Votechain/VotechainIP/Votechain.runs/synth_1/runme.log
open_run synth_1 -name synth_1
Design is defaulting to impl run constrset: constrs_1
Design is defaulting to synth run part: xc7z020clg484-1
INFO: [Netlist 29-17] Analyzing 463 Unisim elements for replacement
INFO: [Netlist 29-28] Unisim Transformation completed in 0 CPU seconds
INFO: [Project 1-479] Netlist was created with Vivado 2018.2
INFO: [Project 1-570] Preparing netlist for logic optimization
Parsing XDC File [H:/Documents/Votechain/VotechainIP/Votechain.srcs/constrs_1/zedboard_constraints.xdc]
Finished Parsing XDC File [H:/Documents/Votechain/VotechainIP/Votechain.srcs/constrs_1/zedboard_constraints.xdc]
INFO: [Opt 31-138] Pushed 0 inverter(s) to 0 load pin(s).
INFO: [Project 1-111] Unisim Transformation Summary:
No Unisim elements were transformed.

open_run: Time (s): cpu = 00:00:10 ; elapsed = 00:00:05 . Memory (MB): peak = 1598.879 ; gain = 219.645
INFO: [Constraints 18-483] create_clock: no pin(s)/port(s)/net(s) specified as objects, only virtual clock 'clk' will be created. If you don't want this, please specify pin(s)/ports(s)/net(s) as objects to the command.
create_clock -period 10.000 -name clk -waveform {0.000 5.000}
INFO: [Constraints 18-483] create_clock: no pin(s)/port(s)/net(s) specified as objects, only virtual clock 'clk' will be created. If you don't want this, please specify pin(s)/ports(s)/net(s) as objects to the command.
INFO: [Constraints 18-483] create_clock: no pin(s)/port(s)/net(s) specified as objects, only virtual clock 'clk' will be created. If you don't want this, please specify pin(s)/ports(s)/net(s) as objects to the command.
report_clock_networks -name {network_1}
INFO: [Constraints 18-483] create_clock: no pin(s)/port(s)/net(s) specified as objects, only virtual clock 'clk' will be created. If you don't want this, please specify pin(s)/ports(s)/net(s) as objects to the command.
INFO: [Timing 38-35] Done setting XDC timing constraints.
create_clock -period 10.000 -name clk -waveform {0.000 5.000} [get_ports clk]
WARNING: [Constraints 18-619] A clock with name 'clk' already exists, overwriting the previous clock with the same name.
report_clock_networks -name {network_1}
set_property target_constrs_file H:/Documents/Votechain/VotechainIP/Votechain.srcs/constrs_1/zedboard_constraints.xdc [current_fileset -constrset]
save_constraints -force
reset_run synth_1
WARNING: [Vivado 12-1017] Problems encountered:
1. Failed to delete one or more files in run directory H:/Documents/Votechain/VotechainIP/Votechain.runs/synth_1

launch_runs impl_1 -jobs 4
WARNING: [Project 1-478] Design 'synth_1' is stale and will not be used when launching 'impl_1'
[Sun Apr 28 09:31:45 2019] Launched synth_1...
Run output will be captured here: H:/Documents/Votechain/VotechainIP/Votechain.runs/synth_1/runme.log
[Sun Apr 28 09:31:45 2019] Launched impl_1...
Run output will be captured here: H:/Documents/Votechain/VotechainIP/Votechain.runs/impl_1/runme.log
save_constraints -force
close_design
reset_run impl_1
WARNING: [Vivado 12-1017] Problems encountered:
1. PID not specified

reset_run synth_1
WARNING: [Vivado 12-1017] Problems encountered:
1. Failed to delete one or more files in run directory H:/Documents/Votechain/VotechainIP/Votechain.runs/synth_1

launch_runs synth_1 -jobs 4
[Sun Apr 28 09:34:12 2019] Launched synth_1...
Run output will be captured here: H:/Documents/Votechain/VotechainIP/Votechain.runs/synth_1/runme.log
open_bd_design {H:/Documents/Votechain/VotechainIP/Votechain.srcs/sources_1/bd/votechain1/votechain1.bd}
launch_runs impl_1 -jobs 4
[Sun Apr 28 09:45:49 2019] Launched impl_1...
Run output will be captured here: H:/Documents/Votechain/VotechainIP/Votechain.runs/impl_1/runme.log
reset_run synth_1
WARNING: [Vivado 12-1017] Problems encountered:
1. Failed to delete one or more files in run directory H:/Documents/Votechain/VotechainIP/Votechain.runs/synth_1

launch_runs synth_1 -jobs 4
[Sun Apr 28 09:57:33 2019] Launched synth_1...
Run output will be captured here: H:/Documents/Votechain/VotechainIP/Votechain.runs/synth_1/runme.log
update_module_reference votechain1_data_mining_0_0
INFO: [IP_Flow 19-5107] Inferred bus interface 'S_AXI_ARESETN' of definition 'xilinx.com:signal:reset:1.0' (from Xilinx Repository).
INFO: [IP_Flow 19-5107] Inferred bus interface 'S_AXI_ACLK' of definition 'xilinx.com:signal:clock:1.0' (from Xilinx Repository).
INFO: [IP_Flow 19-4728] Bus Interface 'S_AXI_ARESETN': Added interface parameter 'POLARITY' with value 'ACTIVE_LOW'.
INFO: [IP_Flow 19-4728] Bus Interface 'S_AXI_ACLK': Added interface parameter 'ASSOCIATED_RESET' with value 'S_AXI_ARESETN'.
WARNING: [IP_Flow 19-3153] Bus Interface 'S_AXI_ACLK': ASSOCIATED_BUSIF bus parameter is missing.
INFO: [IP_Flow 19-234] Refreshing IP repositories
INFO: [IP_Flow 19-1700] Loaded user IP repository 'h:/ESE498_Capstone/votechain_ip'.
WARNING: [IP_Flow 19-2248] Failed to load user IP repository 'h:/ESE498_Capstone/ip_repo'; Can't find the specified path.
If this directory should no longer be in your list of user repositories, go to the IP Settings dialog and remove it.
WARNING: [IP_Flow 19-2248] Failed to load user IP repository 'h:/Documents/Votechain/votechain_ip'; Can't find the specified path.
If this directory should no longer be in your list of user repositories, go to the IP Settings dialog and remove it.
INFO: [IP_Flow 19-1700] Loaded user IP repository 'h:/Documents/Votechain/ip_repo'.
Upgrading 'H:/Documents/Votechain/VotechainIP/Votechain.srcs/sources_1/bd/votechain1/votechain1.bd'
INFO: [IP_Flow 19-1972] Upgraded votechain1_data_mining_0_0 from data_mining_v1_0 1.0 to data_mining_v1_0 1.0
Wrote  : <H:/Documents/Votechain/VotechainIP/Votechain.srcs/sources_1/bd/votechain1/votechain1.bd> 
reset_run synth_1
WARNING: [Vivado 12-1017] Problems encountered:
1. Failed to delete one or more files in run directory H:/Documents/Votechain/VotechainIP/Votechain.runs/synth_1

launch_runs synth_1 -jobs 4
WARNING: [BD 41-927] Following properties on pin /BRAM_0/S_AXI_ACLK have been updated from connected ip. They may not be synchronized with cell properties. You can set property on pin directly to confirm the value and resolve the warning.
	CLK_DOMAIN=votechain1_clk 
WARNING: [BD 41-927] Following properties on pin /controller_0/S_AXI_ACLK have been updated from connected ip. They may not be synchronized with cell properties. You can set property on pin directly to confirm the value and resolve the warning.
	CLK_DOMAIN=votechain1_clk 
WARNING: [BD 41-927] Following properties on pin /data_validation_0/S_AXI_ACLK have been updated from connected ip. They may not be synchronized with cell properties. You can set property on pin directly to confirm the value and resolve the warning.
	CLK_DOMAIN=votechain1_clk 
WARNING: [BD 41-927] Following properties on pin /button_debounce_0/clk have been updated from connected ip. They may not be synchronized with cell properties. You can set property on pin directly to confirm the value and resolve the warning.
	CLK_DOMAIN=votechain1_clk 
Wrote  : <H:/Documents/Votechain/VotechainIP/Votechain.srcs/sources_1/bd/votechain1/votechain1.bd> 
VHDL Output written to : H:/Documents/Votechain/VotechainIP/Votechain.srcs/sources_1/bd/votechain1/synth/votechain1.v
VHDL Output written to : H:/Documents/Votechain/VotechainIP/Votechain.srcs/sources_1/bd/votechain1/sim/votechain1.v
VHDL Output written to : H:/Documents/Votechain/VotechainIP/Votechain.srcs/sources_1/bd/votechain1/hdl/votechain1_wrapper.v
INFO: [BD 41-1029] Generation completed for the IP Integrator block controller_0 .
INFO: [BD 41-1029] Generation completed for the IP Integrator block BRAM_0 .
INFO: [BD 41-1029] Generation completed for the IP Integrator block data_validation_0 .
INFO: [BD 41-1029] Generation completed for the IP Integrator block button_debounce_0 .
INFO: [BD 41-1029] Generation completed for the IP Integrator block data_mining_0 .
Exporting to file H:/Documents/Votechain/VotechainIP/Votechain.srcs/sources_1/bd/votechain1/hw_handoff/votechain1.hwh
Generated Block Design Tcl file H:/Documents/Votechain/VotechainIP/Votechain.srcs/sources_1/bd/votechain1/hw_handoff/votechain1_bd.tcl
Generated Hardware Definition File H:/Documents/Votechain/VotechainIP/Votechain.srcs/sources_1/bd/votechain1/synth/votechain1.hwdef
[Sun Apr 28 10:09:25 2019] Launched synth_1...
Run output will be captured here: H:/Documents/Votechain/VotechainIP/Votechain.runs/synth_1/runme.log
launch_runs: Time (s): cpu = 00:00:01 ; elapsed = 00:00:06 . Memory (MB): peak = 2155.316 ; gain = 0.000
reset_run synth_1
WARNING: [Vivado 12-1017] Problems encountered:
1. Failed to delete one or more files in run directory H:/Documents/Votechain/VotechainIP/Votechain.runs/synth_1

launch_runs synth_1 -jobs 4
[Sun Apr 28 10:29:45 2019] Launched synth_1...
Run output will be captured here: H:/Documents/Votechain/VotechainIP/Votechain.runs/synth_1/runme.log
update_module_reference votechain1_data_mining_0_0
INFO: [IP_Flow 19-5107] Inferred bus interface 'S_AXI_ARESETN' of definition 'xilinx.com:signal:reset:1.0' (from Xilinx Repository).
INFO: [IP_Flow 19-5107] Inferred bus interface 'S_AXI_ACLK' of definition 'xilinx.com:signal:clock:1.0' (from Xilinx Repository).
INFO: [IP_Flow 19-4728] Bus Interface 'S_AXI_ARESETN': Added interface parameter 'POLARITY' with value 'ACTIVE_LOW'.
INFO: [IP_Flow 19-4728] Bus Interface 'S_AXI_ACLK': Added interface parameter 'ASSOCIATED_RESET' with value 'S_AXI_ARESETN'.
WARNING: [IP_Flow 19-3153] Bus Interface 'S_AXI_ACLK': ASSOCIATED_BUSIF bus parameter is missing.
INFO: [IP_Flow 19-234] Refreshing IP repositories
INFO: [IP_Flow 19-1700] Loaded user IP repository 'h:/ESE498_Capstone/votechain_ip'.
WARNING: [IP_Flow 19-2248] Failed to load user IP repository 'h:/ESE498_Capstone/ip_repo'; Can't find the specified path.
If this directory should no longer be in your list of user repositories, go to the IP Settings dialog and remove it.
WARNING: [IP_Flow 19-2248] Failed to load user IP repository 'h:/Documents/Votechain/votechain_ip'; Can't find the specified path.
If this directory should no longer be in your list of user repositories, go to the IP Settings dialog and remove it.
INFO: [IP_Flow 19-1700] Loaded user IP repository 'h:/Documents/Votechain/ip_repo'.
Upgrading 'H:/Documents/Votechain/VotechainIP/Votechain.srcs/sources_1/bd/votechain1/votechain1.bd'
INFO: [IP_Flow 19-1972] Upgraded votechain1_data_mining_0_0 from data_mining_v1_0 1.0 to data_mining_v1_0 1.0
Wrote  : <H:/Documents/Votechain/VotechainIP/Votechain.srcs/sources_1/bd/votechain1/votechain1.bd> 
reset_run synth_1
WARNING: [Vivado 12-1017] Problems encountered:
1. Failed to delete one or more files in run directory H:/Documents/Votechain/VotechainIP/Votechain.runs/synth_1

launch_runs synth_1 -jobs 4
WARNING: [BD 41-927] Following properties on pin /BRAM_0/S_AXI_ACLK have been updated from connected ip. They may not be synchronized with cell properties. You can set property on pin directly to confirm the value and resolve the warning.
	CLK_DOMAIN=votechain1_clk 
WARNING: [BD 41-927] Following properties on pin /controller_0/S_AXI_ACLK have been updated from connected ip. They may not be synchronized with cell properties. You can set property on pin directly to confirm the value and resolve the warning.
	CLK_DOMAIN=votechain1_clk 
WARNING: [BD 41-927] Following properties on pin /data_validation_0/S_AXI_ACLK have been updated from connected ip. They may not be synchronized with cell properties. You can set property on pin directly to confirm the value and resolve the warning.
	CLK_DOMAIN=votechain1_clk 
WARNING: [BD 41-927] Following properties on pin /button_debounce_0/clk have been updated from connected ip. They may not be synchronized with cell properties. You can set property on pin directly to confirm the value and resolve the warning.
	CLK_DOMAIN=votechain1_clk 
Wrote  : <H:/Documents/Votechain/VotechainIP/Votechain.srcs/sources_1/bd/votechain1/votechain1.bd> 
VHDL Output written to : H:/Documents/Votechain/VotechainIP/Votechain.srcs/sources_1/bd/votechain1/synth/votechain1.v
VHDL Output written to : H:/Documents/Votechain/VotechainIP/Votechain.srcs/sources_1/bd/votechain1/sim/votechain1.v
VHDL Output written to : H:/Documents/Votechain/VotechainIP/Votechain.srcs/sources_1/bd/votechain1/hdl/votechain1_wrapper.v
INFO: [BD 41-1029] Generation completed for the IP Integrator block controller_0 .
INFO: [BD 41-1029] Generation completed for the IP Integrator block BRAM_0 .
INFO: [BD 41-1029] Generation completed for the IP Integrator block data_validation_0 .
INFO: [BD 41-1029] Generation completed for the IP Integrator block button_debounce_0 .
INFO: [BD 41-1029] Generation completed for the IP Integrator block data_mining_0 .
Exporting to file H:/Documents/Votechain/VotechainIP/Votechain.srcs/sources_1/bd/votechain1/hw_handoff/votechain1.hwh
Generated Block Design Tcl file H:/Documents/Votechain/VotechainIP/Votechain.srcs/sources_1/bd/votechain1/hw_handoff/votechain1_bd.tcl
Generated Hardware Definition File H:/Documents/Votechain/VotechainIP/Votechain.srcs/sources_1/bd/votechain1/synth/votechain1.hwdef
[Sun Apr 28 10:33:22 2019] Launched synth_1...
Run output will be captured here: H:/Documents/Votechain/VotechainIP/Votechain.runs/synth_1/runme.log
launch_runs impl_1 -jobs 4
[Sun Apr 28 10:36:01 2019] Launched impl_1...
Run output will be captured here: H:/Documents/Votechain/VotechainIP/Votechain.runs/impl_1/runme.log
reset_run synth_1
WARNING: [Vivado 12-1017] Problems encountered:
1. Failed to delete one or more files in run directory H:/Documents/Votechain/VotechainIP/Votechain.runs/synth_1

launch_runs impl_1 -jobs 4
[Sun Apr 28 10:41:04 2019] Launched synth_1...
Run output will be captured here: H:/Documents/Votechain/VotechainIP/Votechain.runs/synth_1/runme.log
[Sun Apr 28 10:41:04 2019] Launched impl_1...
Run output will be captured here: H:/Documents/Votechain/VotechainIP/Votechain.runs/impl_1/runme.log
reset_run synth_1
WARNING: [Vivado 12-1017] Problems encountered:
1. Failed to delete one or more files in run directory H:/Documents/Votechain/VotechainIP/Votechain.runs/synth_1

launch_runs impl_1 -jobs 4
[Sun Apr 28 10:58:21 2019] Launched synth_1...
Run output will be captured here: H:/Documents/Votechain/VotechainIP/Votechain.runs/synth_1/runme.log
[Sun Apr 28 10:58:21 2019] Launched impl_1...
Run output will be captured here: H:/Documents/Votechain/VotechainIP/Votechain.runs/impl_1/runme.log
close_sim
INFO: [Simtcl 6-16] Simulation closed
exit
INFO: [Common 17-206] Exiting Vivado at Sun Apr 28 11:05:09 2019...
