#-----------------------------------------------------------
# Vivado v2018.2 (64-bit)
# SW Build 2258646 on Thu Jun 14 20:03:12 MDT 2018
# IP Build 2256618 on Thu Jun 14 22:10:49 MDT 2018
# Start of session at: Sun Apr 28 13:02:37 2019
# Process ID: 10316
# Current directory: H:/Documents/Votechain/VotechainIP
# Command line: vivado.exe -gui_launcher_event rodinguilauncherevent7236 H:\Documents\Votechain\VotechainIP\Votechain.xpr
# Log file: H:/Documents/Votechain/VotechainIP/vivado.log
# Journal file: H:/Documents/Votechain/VotechainIP\vivado.jou
#-----------------------------------------------------------
start_gui
open_project H:/Documents/Votechain/VotechainIP/Votechain.xpr
Scanning sources...
Finished scanning sources
WARNING: [filemgmt 56-3] IP Repository Path: Could not find the directory 'H:/ESE498_Capstone/ip_repo'.
WARNING: [filemgmt 56-3] IP Repository Path: Could not find the directory 'H:/Documents/Votechain/votechain_ip'.
WARNING: [filemgmt 56-3] IP Repository Path: Could not find the directory 'H:/Documents/Votechain/ip_repo'.
INFO: [IP_Flow 19-234] Refreshing IP repositories
INFO: [IP_Flow 19-1700] Loaded user IP repository 'h:/ESE498_Capstone/votechain_ip'.
WARNING: [IP_Flow 19-2248] Failed to load user IP repository 'h:/ESE498_Capstone/ip_repo'; Can't find the specified path.
If this directory should no longer be in your list of user repositories, go to the IP Settings dialog and remove it.
WARNING: [IP_Flow 19-2248] Failed to load user IP repository 'h:/Documents/Votechain/votechain_ip'; Can't find the specified path.
If this directory should no longer be in your list of user repositories, go to the IP Settings dialog and remove it.
WARNING: [IP_Flow 19-2248] Failed to load user IP repository 'h:/Documents/Votechain/ip_repo'; Can't find the specified path.
If this directory should no longer be in your list of user repositories, go to the IP Settings dialog and remove it.
INFO: [IP_Flow 19-2313] Loaded Vivado IP repository 'C:/Apps/Xilinx/Vivado/2018.2/data/ip'.
open_project: Time (s): cpu = 00:00:13 ; elapsed = 00:00:11 . Memory (MB): peak = 915.375 ; gain = 161.777
update_compile_order -fileset sources_1
ipx::package_project -root_dir H:/ESE498_Capstone/votechain_ip -vendor wustl.edu -library user -taxonomy /UserIP -module votechain1 -import_files -force
INFO: [BD 41-1637] Generated targets are already up-to-date for bd-design 'votechain1' - hence not re-generating.
WARNING: [IP_Flow 19-4963] votechain1_controller_0_0 has board value specified. The packaged IP will be restricted to usage with board 'digilentinc.com:zedboard:part0:1.0'
WARNING: [IP_Flow 19-3153] Bus Interface 'CLK.CLK': ASSOCIATED_BUSIF bus parameter is missing.
WARNING: [IP_Flow 19-3157] Bus Interface 'RST.S_AXI_ARESETN_0': Bus parameter POLARITY is ACTIVE_LOW but port 'S_AXI_ARESETN_0' is not *resetn - please double check the POLARITY setting.
INFO: [IP_Flow 19-2181] Payment Required is not set for this core.
INFO: [IP_Flow 19-2187] The Product Guide file is missing.
ipx::package_project: Time (s): cpu = 00:00:04 ; elapsed = 00:00:05 . Memory (MB): peak = 921.273 ; gain = 5.145
set_property core_revision 2 [ipx::find_open_core wustl.edu:user:votechain1:1.0]
ipx::create_xgui_files [ipx::find_open_core wustl.edu:user:votechain1:1.0]
ipx::update_checksums [ipx::find_open_core wustl.edu:user:votechain1:1.0]
ipx::save_core [ipx::find_open_core wustl.edu:user:votechain1:1.0]
update_ip_catalog -rebuild -repo_path h:/ESE498_Capstone/votechain_ip
INFO: [IP_Flow 19-725] Reloaded user IP repository 'h:/ESE498_Capstone/votechain_ip'
open_project H:/ESE498_Capstone/final_votechain/final_votechain.xpr
Scanning sources...
Finished scanning sources
INFO: [IP_Flow 19-234] Refreshing IP repositories
INFO: [IP_Flow 19-1700] Loaded user IP repository 'h:/ESE498_Capstone/votechain_ip'.
INFO: [IP_Flow 19-2313] Loaded Vivado IP repository 'C:/Apps/Xilinx/Vivado/2018.2/data/ip'.
WARNING: [BD 41-1661] One or more IPs have been locked in the design 'votechain_1.bd'. Please run report_ip_status for more details and recommendations on how to fix this issue.
List of locked IPs:
votechain_1_votechain_1_0_0

open_project: Time (s): cpu = 00:00:09 ; elapsed = 00:00:06 . Memory (MB): peak = 990.504 ; gain = 51.453
update_compile_order -fileset sources_1
open_bd_design {H:/ESE498_Capstone/final_votechain/final_votechain.srcs/sources_1/bd/votechain_1/votechain_1.bd}
Adding cell -- wustl.edu:user:votechain_1:1.0 - votechain_1_0
Successfully read diagram <votechain_1> from BD file <H:/ESE498_Capstone/final_votechain/final_votechain.srcs/sources_1/bd/votechain_1/votechain_1.bd>
open_bd_design: Time (s): cpu = 00:00:08 ; elapsed = 00:00:07 . Memory (MB): peak = 1056.145 ; gain = 65.641
update_ip_catalog -rebuild
INFO: [IP_Flow 19-234] Refreshing IP repositories
INFO: [IP_Flow 19-1700] Loaded user IP repository 'h:/ESE498_Capstone/votechain_ip'.
update_ip_catalog
validate_bd_design
ERROR: [BD 5-336] This command cannot be run, as the BD-design is locked. Locked reason(s):
* Block design contains locked IPs. Please run report_ip_status for more details and recommendations on how to fix this issue. 
List of locked IPs: 
votechain_1_votechain_1_0_0

ERROR: [Common 17-39] 'validate_bd_design' failed due to earlier errors.
delete_bd_objs [get_bd_nets clk_1] [get_bd_nets system_onQ_1] [get_bd_nets user_ID_1] [get_bd_nets rst_1] [get_bd_nets BTND_1] [get_bd_nets BTNL_1] [get_bd_nets BTNR_1] [get_bd_nets BTNU_1] [get_bd_nets BTNC_1] [get_bd_nets votechain_1_0_LD] [get_bd_nets receiving_1] [get_bd_cells votechain_1_0]
startgroup
create_bd_cell -type ip -vlnv wustl.edu:user:votechain1:1.0 votechain1_0
endgroup
set_property location {1 84 85} [get_bd_cells votechain1_0]
set_property location {1 58 88} [get_bd_cells votechain1_0]
connect_bd_net [get_bd_ports BTNC] [get_bd_pins votechain1_0/BTNC_0]
connect_bd_net [get_bd_ports BTND] [get_bd_pins votechain1_0/BTND_0]
connect_bd_net [get_bd_ports BTNL] [get_bd_pins votechain1_0/BTNL_0]
connect_bd_net [get_bd_ports BTNR] [get_bd_pins votechain1_0/BTNR_0]
connect_bd_net [get_bd_ports BTNU] [get_bd_pins votechain1_0/BTNU_0]
connect_bd_net [get_bd_ports rst] [get_bd_pins votechain1_0/S_AXI_ARESETN_0]
connect_bd_net [get_bd_ports clk] [get_bd_pins votechain1_0/clk]
connect_bd_net [get_bd_ports receiving] [get_bd_pins votechain1_0/receiving_0]
connect_bd_net [get_bd_ports system_onQ] [get_bd_pins votechain1_0/system_onQ_0]
connect_bd_net [get_bd_ports user_ID] [get_bd_pins votechain1_0/user_ID_0]
connect_bd_net [get_bd_ports LD] [get_bd_pins votechain1_0/LD_0]
save_bd_design
Wrote  : <H:/ESE498_Capstone/final_votechain/final_votechain.srcs/sources_1/bd/votechain_1/votechain_1.bd> 
Wrote  : <H:/ESE498_Capstone/final_votechain/final_votechain.srcs/sources_1/bd/votechain_1/ui/bd_16aeff09.ui> 
validate_bd_design
save_bd_design
Wrote  : <H:/ESE498_Capstone/final_votechain/final_votechain.srcs/sources_1/bd/votechain_1/votechain_1.bd> 
reset_run synth_1
reset_run: Time (s): cpu = 00:00:01 ; elapsed = 00:00:06 . Memory (MB): peak = 1088.000 ; gain = 0.000
launch_runs synth_1 -jobs 4
INFO: [BD 41-1662] The design 'votechain_1.bd' is already validated. Therefore parameter propagation will not be re-run.
VHDL Output written to : H:/ESE498_Capstone/final_votechain/final_votechain.srcs/sources_1/bd/votechain_1/synth/votechain_1.v
VHDL Output written to : H:/ESE498_Capstone/final_votechain/final_votechain.srcs/sources_1/bd/votechain_1/sim/votechain_1.v
VHDL Output written to : H:/ESE498_Capstone/final_votechain/final_votechain.srcs/sources_1/bd/votechain_1/hdl/votechain_1_wrapper.v
INFO: [BD 41-1029] Generation completed for the IP Integrator block votechain1_0 .
Exporting to file H:/ESE498_Capstone/final_votechain/final_votechain.srcs/sources_1/bd/votechain_1/hw_handoff/votechain_1.hwh
Generated Block Design Tcl file H:/ESE498_Capstone/final_votechain/final_votechain.srcs/sources_1/bd/votechain_1/hw_handoff/votechain_1_bd.tcl
Generated Hardware Definition File H:/ESE498_Capstone/final_votechain/final_votechain.srcs/sources_1/bd/votechain_1/synth/votechain_1.hwdef
[Sun Apr 28 13:06:03 2019] Launched synth_1...
Run output will be captured here: H:/ESE498_Capstone/final_votechain/final_votechain.runs/synth_1/runme.log
launch_runs: Time (s): cpu = 00:00:03 ; elapsed = 00:00:08 . Memory (MB): peak = 1152.523 ; gain = 64.523
current_project Votechain
close_project
launch_runs impl_1 -jobs 4
[Sun Apr 28 13:08:03 2019] Launched impl_1...
Run output will be captured here: H:/ESE498_Capstone/final_votechain/final_votechain.runs/impl_1/runme.log
launch_runs impl_1 -to_step write_bitstream -jobs 4
[Sun Apr 28 13:10:08 2019] Launched impl_1...
Run output will be captured here: H:/ESE498_Capstone/final_votechain/final_votechain.runs/impl_1/runme.log
exit
INFO: [Common 17-206] Exiting Vivado at Sun Apr 28 13:14:36 2019...
