Copyright 1986-2018 Xilinx, Inc. All Rights Reserved.
------------------------------------------------------------------------------------
| Tool Version : Vivado v.2018.2 (win64) Build 2258646 Thu Jun 14 20:03:12 MDT 2018
| Date         : Sun Apr 28 17:33:31 2019
| Host         : Dyon-PC running 64-bit major release  (build 9200)
| Command      : upgrade_ip
| Device       : xc7z020clg484-1
------------------------------------------------------------------------------------

Upgrade Log for IP 'votechain_1_votechain1_0_1'

1. Summary
----------

SUCCESS in the conversion of votechain_1_votechain1_0_1 (xilinx.com:user:votechain1:1.0 (Rev. 2)) to Vivado generation flows.






Copyright 1986-2018 Xilinx, Inc. All Rights Reserved.
------------------------------------------------------------------------------------
| Tool Version : Vivado v.2018.2 (win64) Build 2258646 Thu Jun 14 20:03:12 MDT 2018
| Date         : Sun Apr 28 17:24:05 2019
| Host         : Dyon-PC running 64-bit major release  (build 9200)
| Command      : upgrade_ip
| Device       : xc7z020clg484-1
------------------------------------------------------------------------------------

Upgrade Log for IP 'votechain_1_votechain1_0_1'

1. Summary
----------

SUCCESS in the conversion of votechain_1_votechain1_0_1 (xilinx.com:user:votechain1:1.0 (Rev. 2)) to Vivado generation flows.






Copyright 1986-2018 Xilinx, Inc. All Rights Reserved.
------------------------------------------------------------------------------------
| Tool Version : Vivado v.2018.2 (win64) Build 2258646 Thu Jun 14 20:03:12 MDT 2018
| Date         : Sun Apr 28 17:13:19 2019
| Host         : Dyon-PC running 64-bit major release  (build 9200)
| Command      : upgrade_ip
| Device       : xc7z020clg484-1
------------------------------------------------------------------------------------

Upgrade Log for IP 'votechain_1_votechain1_0_1'

1. Summary
----------

SUCCESS in the conversion of votechain_1_votechain1_0_1 (xilinx.com:user:votechain1:1.0 (Rev. 2)) to Vivado generation flows.






Copyright 1986-2018 Xilinx, Inc. All Rights Reserved.
------------------------------------------------------------------------------------
| Tool Version : Vivado v.2018.2 (win64) Build 2258646 Thu Jun 14 20:03:12 MDT 2018
| Date         : Sun Apr 28 16:50:46 2019
| Host         : Dyon-PC running 64-bit major release  (build 9200)
| Command      : upgrade_ip
| Device       : xc7z020clg484-1
------------------------------------------------------------------------------------

Upgrade Log for IP 'votechain_1_votechain1_0_1'

1. Summary
----------

SUCCESS in the conversion of votechain_1_votechain1_0_1 (xilinx.com:user:votechain1:1.0 (Rev. 2)) to Vivado generation flows.






Copyright 1986-2018 Xilinx, Inc. All Rights Reserved.
------------------------------------------------------------------------------------
| Tool Version : Vivado v.2018.2 (win64) Build 2258646 Thu Jun 14 20:03:12 MDT 2018
| Date         : Sun Apr 28 16:34:38 2019
| Host         : Dyon-PC running 64-bit major release  (build 9200)
| Command      : upgrade_ip
| Device       : xc7z020clg484-1
------------------------------------------------------------------------------------

Upgrade Log for IP 'votechain_1_votechain1_0_1'

1. Summary
----------

SUCCESS in the conversion of votechain_1_votechain1_0_1 (xilinx.com:user:votechain1:1.0 (Rev. 2)) to Vivado generation flows.






Copyright 1986-2018 Xilinx, Inc. All Rights Reserved.
------------------------------------------------------------------------------------
| Tool Version : Vivado v.2018.2 (win64) Build 2258646 Thu Jun 14 20:03:12 MDT 2018
| Date         : Sun Apr 28 15:13:07 2019
| Host         : Dyon-PC running 64-bit major release  (build 9200)
| Command      : upgrade_ip
| Device       : xc7z020clg484-1
------------------------------------------------------------------------------------

Upgrade Log for IP 'votechain_1_votechain1_0_1'

1. Summary
----------

SUCCESS in the conversion of votechain_1_votechain1_0_1 (xilinx.com:user:votechain1:1.0 (Rev. 2)) to Vivado generation flows.






Copyright 1986-2018 Xilinx, Inc. All Rights Reserved.
------------------------------------------------------------------------------------
| Tool Version : Vivado v.2018.2 (win64) Build 2258646 Thu Jun 14 20:03:12 MDT 2018
| Date         : Sun Apr 28 14:58:26 2019
| Host         : Dyon-PC running 64-bit major release  (build 9200)
| Command      : upgrade_ip
| Device       : xc7z020clg484-1
------------------------------------------------------------------------------------

Upgrade Log for IP 'votechain_1_votechain1_0_1'

1. Summary
----------

SUCCESS in the conversion of votechain_1_votechain1_0_1 (xilinx.com:user:votechain1:1.0 (Rev. 2)) to Vivado generation flows.






Copyright 1986-2018 Xilinx, Inc. All Rights Reserved.
------------------------------------------------------------------------------------
| Tool Version : Vivado v.2018.2 (win64) Build 2258646 Thu Jun 14 20:03:12 MDT 2018
| Date         : Sun Apr 28 14:43:58 2019
| Host         : Dyon-PC running 64-bit major release  (build 9200)
| Command      : upgrade_ip
| Device       : xc7z020clg484-1
------------------------------------------------------------------------------------

Upgrade Log for IP 'votechain_1_votechain1_0_1'

1. Summary
----------

SUCCESS in the conversion of votechain_1_votechain1_0_1 (xilinx.com:user:votechain1:1.0 (Rev. 2)) to Vivado generation flows.






Copyright 1986-2018 Xilinx, Inc. All Rights Reserved.
------------------------------------------------------------------------------------
| Tool Version : Vivado v.2018.2 (win64) Build 2258646 Thu Jun 14 20:03:12 MDT 2018
| Date         : Sun Apr 28 14:29:11 2019
| Host         : Dyon-PC running 64-bit major release  (build 9200)
| Command      : upgrade_ip
| Device       : xc7z020clg484-1
------------------------------------------------------------------------------------

Upgrade Log for IP 'votechain_1_votechain1_0_1'

1. Summary
----------

SUCCESS in the conversion of votechain_1_votechain1_0_1 (xilinx.com:user:votechain1:1.0 (Rev. 2)) to Vivado generation flows.

